2018-04-20 18:34:14 +0800
0
0
2018-04-20 19:17:19 +0800
0
2018-04-20 19:18:32 +0800
2018-04-20 19:20:53 +0800
3
0
0
2018-04-20 19:21:44 +0800
2018-04-20 19:21:47 +0800
0
0
0
0
0
0
2
2
2
2
2018-04-20 19:22:41 +0800
2018-04-20 19:22:43 +0800
1
1
2
1
1
2
1
2
2
3
3
1
2
2
2
1
1
1
2
4
1
1
1
0
1
2
1
0
0
0
0
0
0
0
0
0
0
0
0
0
0
0
0
0
0
0
0
0
0
0
0
0
0
0
0
0
0
0
0
0
0
0
0
0
0
0
0
0
0
0
0
0
0
0
0
0
0
0
0
0
0
0
0
0
0
0
0
0
0
0
0
0
0
0
0
0
0
0
0
0
0
0
0
0
0
0
0
0
0
0
0
0
0
0
0
0
0
0
0
0
0
0
0
0
0
0
0
0
0
0
0
0
0
0
0
0
0
0
0
0
0
0
0
0
0
0
0
0
0
0
0
0
0
0
0
0
0
0
2018-04-20 19:36:24 +0800
0
0
0
6
6
6
4
3
3
2
1
2
2
2
2018-04-20 19:38:47 +0800
4
1
2
3
1
2
2
2
23
7
2
3
1
3
2018-04-20 19:41:35 +0800
10
0
0
4
2
6
2
3
2
1
2018-04-20 19:43:46 +0800
2
4
4
4
3
2
2
2
1
1
2
3
1
1
3
3
3
2
3
1
4
1
2
3
2
1
2
17
9
